C:\USERS\TILIFF\DESKTOP\GAMELIB&AI\GAMESKELETON\COMPGRAPHICS\DEBUG\MAIN.OBJ
C:\USERS\TILIFF\DESKTOP\GAMELIB&AI\GAMESKELETON\COMPGRAPHICS\DEBUG\TESTING.OBJ
C:\USERS\TILIFF\DESKTOP\GAMELIB&AI\GAMESKELETON\COMPGRAPHICS\DEBUG\VC110.PDB
C:\USERS\TILIFF\DESKTOP\GAMELIB&AI\GAMESKELETON\COMPGRAPHICS\DEBUG\COMPGRAPHICS.ILK
C:\USERS\TILIFF\DESKTOP\GAMELIB&AI\GAMESKELETON\COMPGRAPHICS\DEBUG\COMPGRAPHICS.EXE
C:\USERS\TILIFF\DESKTOP\GAMELIB&AI\GAMESKELETON\COMPGRAPHICS\DEBUG\COMPGRAPHICS.PDB
C:\Users\tiliff\Desktop\GameLib&AI\GameSkeleton\compgraphics\Debug\main.obj
C:\Users\tiliff\Desktop\GameLib&AI\GameSkeleton\compgraphics\Debug\testing.obj
C:\Users\tiliff\Desktop\GameLib&AI\GameSkeleton\compgraphics\Debug\compgraphics.ilk
C:\Users\tiliff\Desktop\GameLib&AI\GameSkeleton\compgraphics\Debug\cl.command.1.tlog
C:\Users\tiliff\Desktop\GameLib&AI\GameSkeleton\compgraphics\Debug\CL.read.1.tlog
C:\Users\tiliff\Desktop\GameLib&AI\GameSkeleton\compgraphics\Debug\CL.write.1.tlog
C:\Users\tiliff\Desktop\GameLib&AI\GameSkeleton\compgraphics\Debug\link-cvtres.read.1.tlog
C:\Users\tiliff\Desktop\GameLib&AI\GameSkeleton\compgraphics\Debug\link-cvtres.write.1.tlog
C:\Users\tiliff\Desktop\GameLib&AI\GameSkeleton\compgraphics\Debug\link-rc.read.1.tlog
C:\Users\tiliff\Desktop\GameLib&AI\GameSkeleton\compgraphics\Debug\link-rc.write.1.tlog
C:\Users\tiliff\Desktop\GameLib&AI\GameSkeleton\compgraphics\Debug\link.command.1.tlog
C:\Users\tiliff\Desktop\GameLib&AI\GameSkeleton\compgraphics\Debug\link.read.1.tlog
C:\Users\tiliff\Desktop\GameLib&AI\GameSkeleton\compgraphics\Debug\link.write.1.tlog
C:\Users\tiliff\Desktop\GameLib&AI\GameSkeleton\compgraphics\Debug\vc110.idb
C:\Users\tiliff\Desktop\GameLib&AI\GameSkeleton\compgraphics\Debug\compgraphics.pdb
C:\Users\tiliff\Desktop\GameLib&AI\GameSkeleton\compgraphics\Debug\vc110.pdb
C:\Users\tiliff\Desktop\GameLib&AI\GameSkeleton\compgraphics\Debug\compgraphics.exe
