C:\USERS\TILIFF\DESKTOP\GAMELIB&AI\GAMESKELETON\RENDERER\DEBUG\CAMERA.OBJ
C:\USERS\TILIFF\DESKTOP\GAMELIB&AI\GAMESKELETON\RENDERER\DEBUG\DEBUGMENU.OBJ
C:\USERS\TILIFF\DESKTOP\GAMELIB&AI\GAMESKELETON\RENDERER\DEBUG\DEBUGSLIDER.OBJ
C:\USERS\TILIFF\DESKTOP\GAMELIB&AI\GAMESKELETON\RENDERER\DEBUG\DEBUGSLIDER_MOC.OBJ
C:\USERS\TILIFF\DESKTOP\GAMELIB&AI\GAMESKELETON\RENDERER\DEBUG\MAINER.OBJ
C:\USERS\TILIFF\DESKTOP\GAMELIB&AI\GAMESKELETON\RENDERER\DEBUG\MYGLWINDOW.OBJ
C:\USERS\TILIFF\DESKTOP\GAMELIB&AI\GAMESKELETON\RENDERER\DEBUG\MYGLWINDOW_MOC.OBJ
C:\USERS\TILIFF\DESKTOP\GAMELIB&AI\GAMESKELETON\RENDERER\DEBUG\RENDERER.OBJ
C:\USERS\TILIFF\DESKTOP\GAMELIB&AI\GAMESKELETON\RENDERER\DEBUG\SLIDERWIDGET.OBJ
C:\USERS\TILIFF\DESKTOP\GAMELIB&AI\GAMESKELETON\RENDERER\DEBUG\VC110.PDB
C:\USERS\TILIFF\DESKTOP\GAMELIB&AI\GAMESKELETON\RENDERER\DEBUG\RENDERER.ILK
C:\USERS\TILIFF\DESKTOP\GAMELIB&AI\GAMESKELETON\RENDERER\DEBUG\RENDERER.EXE
C:\USERS\TILIFF\DESKTOP\GAMELIB&AI\GAMESKELETON\RENDERER\DEBUG\RENDERER.PDB
C:\Users\tiliff\Desktop\GameLib&AI\GameSkeleton\Renderer\Debug\Camera.obj
C:\Users\tiliff\Desktop\GameLib&AI\GameSkeleton\Renderer\Debug\DebugMenu.obj
C:\Users\tiliff\Desktop\GameLib&AI\GameSkeleton\Renderer\Debug\DebugSlider.obj
C:\Users\tiliff\Desktop\GameLib&AI\GameSkeleton\Renderer\Debug\DebugSlider_moc.obj
C:\Users\tiliff\Desktop\GameLib&AI\GameSkeleton\Renderer\Debug\Mainer.obj
C:\Users\tiliff\Desktop\GameLib&AI\GameSkeleton\Renderer\Debug\MyGLWindow.obj
C:\Users\tiliff\Desktop\GameLib&AI\GameSkeleton\Renderer\Debug\MyGLWindow_moc.obj
C:\Users\tiliff\Desktop\GameLib&AI\GameSkeleton\Renderer\Debug\Renderer.obj
C:\Users\tiliff\Desktop\GameLib&AI\GameSkeleton\Renderer\Debug\SliderWidget.obj
C:\Users\tiliff\Desktop\GameLib&AI\GameSkeleton\Renderer\Debug\Renderer.ilk
C:\Users\tiliff\Desktop\GameLib&AI\GameSkeleton\Renderer\Debug\cl.command.1.tlog
C:\Users\tiliff\Desktop\GameLib&AI\GameSkeleton\Renderer\Debug\CL.read.1.tlog
C:\Users\tiliff\Desktop\GameLib&AI\GameSkeleton\Renderer\Debug\CL.write.1.tlog
C:\Users\tiliff\Desktop\GameLib&AI\GameSkeleton\Renderer\Debug\link-cvtres.read.1.tlog
C:\Users\tiliff\Desktop\GameLib&AI\GameSkeleton\Renderer\Debug\link-cvtres.write.1.tlog
C:\Users\tiliff\Desktop\GameLib&AI\GameSkeleton\Renderer\Debug\link-rc.read.1.tlog
C:\Users\tiliff\Desktop\GameLib&AI\GameSkeleton\Renderer\Debug\link-rc.write.1.tlog
C:\Users\tiliff\Desktop\GameLib&AI\GameSkeleton\Renderer\Debug\link.command.1.tlog
C:\Users\tiliff\Desktop\GameLib&AI\GameSkeleton\Renderer\Debug\link.read.1.tlog
C:\Users\tiliff\Desktop\GameLib&AI\GameSkeleton\Renderer\Debug\link.write.1.tlog
C:\Users\tiliff\Desktop\GameLib&AI\GameSkeleton\Renderer\Debug\vc110.idb
C:\Users\tiliff\Desktop\GameLib&AI\GameSkeleton\Renderer\Debug\Renderer.pdb
C:\Users\tiliff\Desktop\GameLib&AI\GameSkeleton\Renderer\Debug\vc110.pdb
C:\Users\tiliff\Desktop\GameLib&AI\GameSkeleton\Renderer\Debug\Renderer.exe
