Build started 8/6/2015 9:08:09 AM.
     1>Project "C:\Users\Tiliff\Documents\Projects\C\Users\tiliff\Desktop\New folder (4)\GameSolution\Game\Game.vcxproj" on node 2 (Build target(s)).
     1>ClCompile:
         C:\Program Files (x86)\Microsoft Visual Studio 12.0\VC\bin\CL.exe /c /I"C:\Users\Tiliff\Documents\Projects\C\Users\tiliff\Desktop\New folder (4)\GameSolution\\Engine" /I"C:\Users\Tiliff\Documents\Projects\C\Users\tiliff\Desktop\New folder (4)\GameSolution\\Core\include" /ZI /nologo /W4 /WX /Od /Oy- /D LOG_ON /D PROFILING_ON /D WIN32 /D _DEBUG /D _WINDOWS /D _UNICODE /D UNICODE /Gm /EHsc /RTC1 /MDd /GS /fp:precise /Zc:wchar_t /Zc:forScope /Fo"Debug\\" /Fd"Debug\vc120.pdb" /Gd /TP /analyze- /errorReport:prompt ..\Engine\Lerp.cpp ..\Engine\Spaceship.cpp Bullets.cpp enemyCruizer.cpp EnemyShip.cpp Logger.cpp main.cpp ParticleEffect.cpp ParticleSystem.cpp Planets.cpp Profile.cpp Profiler.cpp ShipController.cpp time.cpp Turret.cpp
         Turret.cpp
         time.cpp
         ShipController.cpp
         Profiler.cpp
         Profile.cpp
         Planets.cpp
         ParticleSystem.cpp
         ParticleEffect.cpp
         main.cpp
         Logger.cpp
         EnemyShip.cpp
         enemyCruizer.cpp
         Bullets.cpp
         Spaceship.cpp
         Lerp.cpp
         Generating Code...
       Link:
         C:\Program Files (x86)\Microsoft Visual Studio 12.0\VC\bin\link.exe /ERRORREPORT:PROMPT /OUT:"C:\Users\Tiliff\Documents\Projects\C\Users\tiliff\Desktop\New folder (4)\GameSolution\Debug\Game.exe" /INCREMENTAL /NOLOGO /LIBPATH:"C:\Users\Tiliff\Documents\Projects\C\Users\tiliff\Desktop\New folder (4)\GameSolution\Debug\\" /LIBPATH:"C:\Users\Tiliff\Documents\Projects\C\Users\tiliff\Desktop\New folder (4)\GameSolution\\Core\lib" /LIBPATH:"C:\Users\Tiliff\Documents\Projects\C\Users\tiliff\Desktop\New folder (4)\GameSolution\Debug\\" kernel32.lib user32.lib gdi32.lib winspool.lib comdlg32.lib advapi32.lib shell32.lib ole32.lib oleaut32.lib uuid.lib odbc32.lib odbccp32.lib Engine.lib Core.lib kernel32.lib user32.lib gdi32.lib winspool.lib comdlg32.lib advapi32.lib shell32.lib ole32.lib oleaut32.lib uuid.lib odbc32.lib odbccp32.lib /MANIFEST /MANIFESTUAC:"level='asInvoker' uiAccess='false'" /manifest:embed /DEBUG /PDB:"C:\Users\Tiliff\Documents\Projects\C\Users\tiliff\Desktop\New folder (4)\GameSolution\Debug\Game.pdb" /SUBSYSTEM:WINDOWS /TLBID:1 /ENTRY:"mainCRTStartup" /DYNAMICBASE /NXCOMPAT /IMPLIB:"C:\Users\Tiliff\Documents\Projects\C\Users\tiliff\Desktop\New folder (4)\GameSolution\Debug\Game.lib" /MACHINE:X86 Debug\Lerp.obj
         Debug\Spaceship.obj
         Debug\Bullets.obj
         Debug\enemyCruizer.obj
         Debug\EnemyShip.obj
         Debug\Logger.obj
         Debug\main.obj
         Debug\ParticleEffect.obj
         Debug\ParticleSystem.obj
         Debug\Planets.obj
         Debug\Profile.obj
         Debug\Profiler.obj
         Debug\ShipController.obj
         Debug\time.obj
         Debug\Turret.obj
            Creating library C:\Users\Tiliff\Documents\Projects\C\Users\tiliff\Desktop\New folder (4)\GameSolution\Debug\Game.lib and object C:\Users\Tiliff\Documents\Projects\C\Users\tiliff\Desktop\New folder (4)\GameSolution\Debug\Game.exp
         Game.vcxproj -> C:\Users\Tiliff\Documents\Projects\C\Users\tiliff\Desktop\New folder (4)\GameSolution\Debug\Game.exe
     1>Done Building Project "C:\Users\Tiliff\Documents\Projects\C\Users\tiliff\Desktop\New folder (4)\GameSolution\Game\Game.vcxproj" (Build target(s)).

Build succeeded.

Time Elapsed 00:00:05.29
